{"/Users/himura/Desktop/Netology/ajs-advanced/src/js/showProperies.js": {"path":"/Users/himura/Desktop/Netology/ajs-advanced/src/js/showProperies.js","statementMap":{"0":{"start":{"line":2,"column":16},"end":{"line":2,"column":18}},"1":{"start":{"line":4,"column":1},"end":{"line":10,"column":2}},"2":{"start":{"line":5,"column":2},"end":{"line":9,"column":3}},"3":{"start":{"line":7,"column":4},"end":{"line":7,"column":42}},"4":{"start":{"line":12,"column":24},"end":{"line":12,"column":26}},"5":{"start":{"line":13,"column":1},"end":{"line":17,"column":2}},"6":{"start":{"line":14,"column":2},"end":{"line":16,"column":3}},"7":{"start":{"line":15,"column":3},"end":{"line":15,"column":28}},"8":{"start":{"line":18,"column":1},"end":{"line":18,"column":23}},"9":{"start":{"line":20,"column":1},"end":{"line":22,"column":2}},"10":{"start":{"line":21,"column":2},"end":{"line":21,"column":40}},"11":{"start":{"line":24,"column":1},"end":{"line":24,"column":15}}},"fnMap":{"0":{"name":"showProperties","decl":{"start":{"line":1,"column":24},"end":{"line":1,"column":38}},"loc":{"start":{"line":1,"column":51},"end":{"line":25,"column":1}},"line":1}},"branchMap":{"0":{"loc":{"start":{"line":5,"column":2},"end":{"line":9,"column":3}},"type":"if","locations":[{"start":{"line":5,"column":2},"end":{"line":9,"column":3}},{"start":{},"end":{}}],"line":5},"1":{"loc":{"start":{"line":14,"column":2},"end":{"line":16,"column":3}},"type":"if","locations":[{"start":{"line":14,"column":2},"end":{"line":16,"column":3}},{"start":{},"end":{}}],"line":14}},"s":{"0":2,"1":2,"2":4,"3":2,"4":2,"5":2,"6":8,"7":6,"8":2,"9":2,"10":6,"11":2},"f":{"0":2},"b":{"0":[2,2],"1":[6,2]},"_coverageSchema":"1a1c01bbd47fc00a2c39e90264f33305004495a9","hash":"a05c2b0af151c9e6881d79ab88bacca129de2b81"}
,"/Users/himura/Desktop/Netology/ajs-advanced/src/js/showSkills.js": {"path":"/Users/himura/Desktop/Netology/ajs-advanced/src/js/showSkills.js","statementMap":{"0":{"start":{"line":2,"column":1},"end":{"line":9,"column":3}},"1":{"start":{"line":3,"column":64},"end":{"line":8,"column":3}}},"fnMap":{"0":{"name":"showSkills","decl":{"start":{"line":1,"column":24},"end":{"line":1,"column":34}},"loc":{"start":{"line":1,"column":48},"end":{"line":10,"column":1}},"line":1},"1":{"name":"(anonymous_1)","decl":{"start":{"line":3,"column":2},"end":{"line":3,"column":3}},"loc":{"start":{"line":3,"column":64},"end":{"line":8,"column":3}},"line":3}},"branchMap":{"0":{"loc":{"start":{"line":3,"column":21},"end":{"line":3,"column":56}},"type":"default-arg","locations":[{"start":{"line":3,"column":35},"end":{"line":3,"column":56}}],"line":3}},"s":{"0":1,"1":2},"f":{"0":1,"1":2},"b":{"0":[1]},"_coverageSchema":"1a1c01bbd47fc00a2c39e90264f33305004495a9","hash":"635babcbce3bb1819072bf44e683bdfe83a8c19a"}
}
